{"C:\\Users\\Setsuna\\Documents\\GitHub\\GroupProject\\BE-Rest-API-SkyFly\\controllers\\airline.js": {"path":"C:\\Users\\Setsuna\\Documents\\GitHub\\GroupProject\\BE-Rest-API-SkyFly\\controllers\\airline.js","statementMap":{"0":{"start":{"line":1,"column":25},"end":{"line":1,"column":50}},"1":{"start":{"line":2,"column":23},"end":{"line":2,"column":49}},"2":{"start":{"line":3,"column":21},"end":{"line":3,"column":38}},"3":{"start":{"line":4,"column":24},"end":{"line":4,"column":46}},"4":{"start":{"line":6,"column":15},"end":{"line":6,"column":33}},"5":{"start":{"line":8,"column":22},"end":{"line":37,"column":1}},"6":{"start":{"line":9,"column":4},"end":{"line":36,"column":7}},"7":{"start":{"line":10,"column":21},"end":{"line":10,"column":50}},"8":{"start":{"line":11,"column":22},"end":{"line":11,"column":53}},"9":{"start":{"line":12,"column":23},"end":{"line":12,"column":41}},"10":{"start":{"line":14,"column":27},"end":{"line":17,"column":10}},"11":{"start":{"line":19,"column":22},"end":{"line":19,"column":50}},"12":{"start":{"line":21,"column":8},"end":{"line":33,"column":11}},"13":{"start":{"line":35,"column":8},"end":{"line":35,"column":59}},"14":{"start":{"line":39,"column":23},"end":{"line":57,"column":1}},"15":{"start":{"line":40,"column":4},"end":{"line":56,"column":5}},"16":{"start":{"line":41,"column":19},"end":{"line":41,"column":32}},"17":{"start":{"line":42,"column":27},"end":{"line":46,"column":10}},"18":{"start":{"line":48,"column":8},"end":{"line":48,"column":89}},"19":{"start":{"line":48,"column":24},"end":{"line":48,"column":89}},"20":{"start":{"line":49,"column":8},"end":{"line":53,"column":10}},"21":{"start":{"line":55,"column":8},"end":{"line":55,"column":60}},"22":{"start":{"line":59,"column":25},"end":{"line":84,"column":1}},"23":{"start":{"line":60,"column":4},"end":{"line":83,"column":5}},"24":{"start":{"line":61,"column":29},"end":{"line":61,"column":37}},"25":{"start":{"line":62,"column":21},"end":{"line":62,"column":29}},"26":{"start":{"line":65,"column":8},"end":{"line":65,"column":92}},"27":{"start":{"line":67,"column":27},"end":{"line":74,"column":10}},"28":{"start":{"line":76,"column":8},"end":{"line":80,"column":10}},"29":{"start":{"line":82,"column":8},"end":{"line":82,"column":60}},"30":{"start":{"line":86,"column":22},"end":{"line":120,"column":1}},"31":{"start":{"line":87,"column":4},"end":{"line":119,"column":5}},"32":{"start":{"line":88,"column":29},"end":{"line":88,"column":37}},"33":{"start":{"line":90,"column":21},"end":{"line":90,"column":29}},"34":{"start":{"line":91,"column":27},"end":{"line":95,"column":10}},"35":{"start":{"line":97,"column":8},"end":{"line":97,"column":89}},"36":{"start":{"line":97,"column":24},"end":{"line":97,"column":89}},"37":{"start":{"line":98,"column":8},"end":{"line":98,"column":79}},"38":{"start":{"line":100,"column":30},"end":{"line":109,"column":10}},"39":{"start":{"line":111,"column":8},"end":{"line":115,"column":10}},"40":{"start":{"line":118,"column":8},"end":{"line":118,"column":60}},"41":{"start":{"line":122,"column":22},"end":{"line":145,"column":1}},"42":{"start":{"line":123,"column":4},"end":{"line":144,"column":5}},"43":{"start":{"line":124,"column":27},"end":{"line":128,"column":10}},"44":{"start":{"line":130,"column":8},"end":{"line":130,"column":89}},"45":{"start":{"line":130,"column":24},"end":{"line":130,"column":89}},"46":{"start":{"line":132,"column":8},"end":{"line":136,"column":10}},"47":{"start":{"line":138,"column":8},"end":{"line":141,"column":10}},"48":{"start":{"line":143,"column":8},"end":{"line":143,"column":60}},"49":{"start":{"line":147,"column":0},"end":{"line":153,"column":1}}},"fnMap":{"0":{"name":"(anonymous_0)","decl":{"start":{"line":8,"column":22},"end":{"line":8,"column":23}},"loc":{"start":{"line":8,"column":48},"end":{"line":37,"column":1}},"line":8},"1":{"name":"(anonymous_1)","decl":{"start":{"line":39,"column":23},"end":{"line":39,"column":24}},"loc":{"start":{"line":39,"column":49},"end":{"line":57,"column":1}},"line":39},"2":{"name":"(anonymous_2)","decl":{"start":{"line":59,"column":25},"end":{"line":59,"column":26}},"loc":{"start":{"line":59,"column":51},"end":{"line":84,"column":1}},"line":59},"3":{"name":"(anonymous_3)","decl":{"start":{"line":86,"column":22},"end":{"line":86,"column":23}},"loc":{"start":{"line":86,"column":48},"end":{"line":120,"column":1}},"line":86},"4":{"name":"(anonymous_4)","decl":{"start":{"line":122,"column":22},"end":{"line":122,"column":23}},"loc":{"start":{"line":122,"column":48},"end":{"line":145,"column":1}},"line":122}},"branchMap":{"0":{"loc":{"start":{"line":10,"column":21},"end":{"line":10,"column":50}},"type":"binary-expr","locations":[{"start":{"line":10,"column":21},"end":{"line":10,"column":45}},{"start":{"line":10,"column":49},"end":{"line":10,"column":50}}],"line":10},"1":{"loc":{"start":{"line":11,"column":22},"end":{"line":11,"column":53}},"type":"binary-expr","locations":[{"start":{"line":11,"column":22},"end":{"line":11,"column":47}},{"start":{"line":11,"column":51},"end":{"line":11,"column":53}}],"line":11},"2":{"loc":{"start":{"line":29,"column":22},"end":{"line":29,"column":69}},"type":"cond-expr","locations":[{"start":{"line":29,"column":54},"end":{"line":29,"column":62}},{"start":{"line":29,"column":65},"end":{"line":29,"column":69}}],"line":29},"3":{"loc":{"start":{"line":30,"column":22},"end":{"line":30,"column":48}},"type":"cond-expr","locations":[{"start":{"line":30,"column":33},"end":{"line":30,"column":41}},{"start":{"line":30,"column":44},"end":{"line":30,"column":48}}],"line":30},"4":{"loc":{"start":{"line":32,"column":16},"end":{"line":32,"column":75}},"type":"cond-expr","locations":[{"start":{"line":32,"column":42},"end":{"line":32,"column":52}},{"start":{"line":32,"column":55},"end":{"line":32,"column":75}}],"line":32},"5":{"loc":{"start":{"line":48,"column":8},"end":{"line":48,"column":89}},"type":"if","locations":[{"start":{"line":48,"column":8},"end":{"line":48,"column":89}},{"start":{},"end":{}}],"line":48},"6":{"loc":{"start":{"line":65,"column":8},"end":{"line":65,"column":92}},"type":"cond-expr","locations":[{"start":{"line":65,"column":15},"end":{"line":65,"column":48}},{"start":{"line":65,"column":51},"end":{"line":65,"column":92}}],"line":65},"7":{"loc":{"start":{"line":97,"column":8},"end":{"line":97,"column":89}},"type":"if","locations":[{"start":{"line":97,"column":8},"end":{"line":97,"column":89}},{"start":{},"end":{}}],"line":97},"8":{"loc":{"start":{"line":98,"column":8},"end":{"line":98,"column":79}},"type":"cond-expr","locations":[{"start":{"line":98,"column":16},"end":{"line":98,"column":43}},{"start":{"line":98,"column":46},"end":{"line":98,"column":79}}],"line":98},"9":{"loc":{"start":{"line":130,"column":8},"end":{"line":130,"column":89}},"type":"if","locations":[{"start":{"line":130,"column":8},"end":{"line":130,"column":89}},{"start":{},"end":{}}],"line":130}},"s":{"0":1,"1":1,"2":1,"3":1,"4":1,"5":1,"6":2,"7":2,"8":2,"9":2,"10":2,"11":1,"12":1,"13":1,"14":1,"15":3,"16":3,"17":3,"18":2,"19":1,"20":1,"21":1,"22":1,"23":2,"24":2,"25":2,"26":2,"27":2,"28":1,"29":1,"30":1,"31":3,"32":3,"33":3,"34":3,"35":2,"36":1,"37":1,"38":1,"39":1,"40":1,"41":1,"42":2,"43":2,"44":1,"45":0,"46":1,"47":1,"48":1,"49":1},"f":{"0":2,"1":3,"2":2,"3":3,"4":2},"b":{"0":[2,0],"1":[2,0],"2":[0,1],"3":[0,1],"4":[1,0],"5":[1,1],"6":[2,0],"7":[1,1],"8":[1,0],"9":[0,1]},"_coverageSchema":"1a1c01bbd47fc00a2c39e90264f33305004495a9","hash":"ba204545bd0ef3eb382f54017cb6407391e27c43"}
,"C:\\Users\\Setsuna\\Documents\\GitHub\\GroupProject\\BE-Rest-API-SkyFly\\controllers\\airport.js": {"path":"C:\\Users\\Setsuna\\Documents\\GitHub\\GroupProject\\BE-Rest-API-SkyFly\\controllers\\airport.js","statementMap":{"0":{"start":{"line":1,"column":25},"end":{"line":1,"column":50}},"1":{"start":{"line":2,"column":23},"end":{"line":2,"column":40}},"2":{"start":{"line":3,"column":24},"end":{"line":3,"column":46}},"3":{"start":{"line":5,"column":15},"end":{"line":5,"column":33}},"4":{"start":{"line":7,"column":23},"end":{"line":36,"column":1}},"5":{"start":{"line":8,"column":4},"end":{"line":35,"column":5}},"6":{"start":{"line":9,"column":21},"end":{"line":9,"column":50}},"7":{"start":{"line":10,"column":22},"end":{"line":10,"column":53}},"8":{"start":{"line":11,"column":23},"end":{"line":11,"column":41}},"9":{"start":{"line":13,"column":28},"end":{"line":16,"column":10}},"10":{"start":{"line":18,"column":22},"end":{"line":18,"column":50}},"11":{"start":{"line":20,"column":8},"end":{"line":32,"column":11}},"12":{"start":{"line":34,"column":8},"end":{"line":34,"column":61}},"13":{"start":{"line":38,"column":23},"end":{"line":57,"column":1}},"14":{"start":{"line":39,"column":15},"end":{"line":39,"column":28}},"15":{"start":{"line":40,"column":4},"end":{"line":56,"column":5}},"16":{"start":{"line":41,"column":27},"end":{"line":45,"column":10}},"17":{"start":{"line":47,"column":8},"end":{"line":47,"column":92}},"18":{"start":{"line":47,"column":25},"end":{"line":47,"column":92}},"19":{"start":{"line":49,"column":8},"end":{"line":53,"column":10}},"20":{"start":{"line":55,"column":8},"end":{"line":55,"column":62}},"21":{"start":{"line":59,"column":25},"end":{"line":89,"column":1}},"22":{"start":{"line":60,"column":4},"end":{"line":88,"column":5}},"23":{"start":{"line":61,"column":44},"end":{"line":61,"column":52}},"24":{"start":{"line":63,"column":27},"end":{"line":67,"column":10}},"25":{"start":{"line":68,"column":8},"end":{"line":68,"column":128}},"26":{"start":{"line":68,"column":23},"end":{"line":68,"column":128}},"27":{"start":{"line":70,"column":27},"end":{"line":78,"column":10}},"28":{"start":{"line":80,"column":8},"end":{"line":84,"column":10}},"29":{"start":{"line":87,"column":8},"end":{"line":87,"column":62}},"30":{"start":{"line":91,"column":22},"end":{"line":122,"column":1}},"31":{"start":{"line":92,"column":4},"end":{"line":121,"column":5}},"32":{"start":{"line":93,"column":46},"end":{"line":93,"column":54}},"33":{"start":{"line":94,"column":27},"end":{"line":98,"column":10}},"34":{"start":{"line":99,"column":8},"end":{"line":99,"column":92}},"35":{"start":{"line":99,"column":25},"end":{"line":99,"column":92}},"36":{"start":{"line":101,"column":30},"end":{"line":111,"column":10}},"37":{"start":{"line":113,"column":8},"end":{"line":117,"column":10}},"38":{"start":{"line":120,"column":8},"end":{"line":120,"column":62}},"39":{"start":{"line":124,"column":22},"end":{"line":147,"column":1}},"40":{"start":{"line":125,"column":4},"end":{"line":146,"column":5}},"41":{"start":{"line":126,"column":27},"end":{"line":130,"column":10}},"42":{"start":{"line":132,"column":8},"end":{"line":132,"column":92}},"43":{"start":{"line":132,"column":25},"end":{"line":132,"column":92}},"44":{"start":{"line":134,"column":8},"end":{"line":138,"column":10}},"45":{"start":{"line":140,"column":8},"end":{"line":143,"column":10}},"46":{"start":{"line":145,"column":8},"end":{"line":145,"column":62}},"47":{"start":{"line":149,"column":0},"end":{"line":155,"column":1}}},"fnMap":{"0":{"name":"(anonymous_0)","decl":{"start":{"line":7,"column":23},"end":{"line":7,"column":24}},"loc":{"start":{"line":7,"column":49},"end":{"line":36,"column":1}},"line":7},"1":{"name":"(anonymous_1)","decl":{"start":{"line":38,"column":23},"end":{"line":38,"column":24}},"loc":{"start":{"line":38,"column":49},"end":{"line":57,"column":1}},"line":38},"2":{"name":"(anonymous_2)","decl":{"start":{"line":59,"column":25},"end":{"line":59,"column":26}},"loc":{"start":{"line":59,"column":51},"end":{"line":89,"column":1}},"line":59},"3":{"name":"(anonymous_3)","decl":{"start":{"line":91,"column":22},"end":{"line":91,"column":23}},"loc":{"start":{"line":91,"column":48},"end":{"line":122,"column":1}},"line":91},"4":{"name":"(anonymous_4)","decl":{"start":{"line":124,"column":22},"end":{"line":124,"column":23}},"loc":{"start":{"line":124,"column":48},"end":{"line":147,"column":1}},"line":124}},"branchMap":{"0":{"loc":{"start":{"line":9,"column":21},"end":{"line":9,"column":50}},"type":"binary-expr","locations":[{"start":{"line":9,"column":21},"end":{"line":9,"column":45}},{"start":{"line":9,"column":49},"end":{"line":9,"column":50}}],"line":9},"1":{"loc":{"start":{"line":10,"column":22},"end":{"line":10,"column":53}},"type":"binary-expr","locations":[{"start":{"line":10,"column":22},"end":{"line":10,"column":47}},{"start":{"line":10,"column":51},"end":{"line":10,"column":53}}],"line":10},"2":{"loc":{"start":{"line":28,"column":26},"end":{"line":28,"column":75}},"type":"cond-expr","locations":[{"start":{"line":28,"column":60},"end":{"line":28,"column":68}},{"start":{"line":28,"column":71},"end":{"line":28,"column":75}}],"line":28},"3":{"loc":{"start":{"line":29,"column":26},"end":{"line":29,"column":52}},"type":"cond-expr","locations":[{"start":{"line":29,"column":37},"end":{"line":29,"column":45}},{"start":{"line":29,"column":48},"end":{"line":29,"column":52}}],"line":29},"4":{"loc":{"start":{"line":31,"column":18},"end":{"line":31,"column":79}},"type":"cond-expr","locations":[{"start":{"line":31,"column":45},"end":{"line":31,"column":56}},{"start":{"line":31,"column":59},"end":{"line":31,"column":79}}],"line":31},"5":{"loc":{"start":{"line":47,"column":8},"end":{"line":47,"column":92}},"type":"if","locations":[{"start":{"line":47,"column":8},"end":{"line":47,"column":92}},{"start":{},"end":{}}],"line":47},"6":{"loc":{"start":{"line":68,"column":8},"end":{"line":68,"column":128}},"type":"if","locations":[{"start":{"line":68,"column":8},"end":{"line":68,"column":128}},{"start":{},"end":{}}],"line":68},"7":{"loc":{"start":{"line":99,"column":8},"end":{"line":99,"column":92}},"type":"if","locations":[{"start":{"line":99,"column":8},"end":{"line":99,"column":92}},{"start":{},"end":{}}],"line":99},"8":{"loc":{"start":{"line":132,"column":8},"end":{"line":132,"column":92}},"type":"if","locations":[{"start":{"line":132,"column":8},"end":{"line":132,"column":92}},{"start":{},"end":{}}],"line":132}},"s":{"0":1,"1":1,"2":1,"3":1,"4":1,"5":3,"6":3,"7":3,"8":3,"9":3,"10":2,"11":2,"12":1,"13":1,"14":3,"15":3,"16":3,"17":2,"18":1,"19":1,"20":1,"21":1,"22":3,"23":3,"24":3,"25":2,"26":1,"27":1,"28":1,"29":1,"30":1,"31":3,"32":3,"33":3,"34":2,"35":1,"36":1,"37":1,"38":1,"39":1,"40":3,"41":3,"42":2,"43":1,"44":1,"45":1,"46":1,"47":1},"f":{"0":3,"1":3,"2":3,"3":3,"4":3},"b":{"0":[3,1],"1":[3,1],"2":[0,2],"3":[0,2],"4":[2,0],"5":[1,1],"6":[1,1],"7":[1,1],"8":[1,1]},"_coverageSchema":"1a1c01bbd47fc00a2c39e90264f33305004495a9","hash":"f6b390a855036158ded6b12611f234edbd04191a"}
,"C:\\Users\\Setsuna\\Documents\\GitHub\\GroupProject\\BE-Rest-API-SkyFly\\controllers\\auth.js": {"path":"C:\\Users\\Setsuna\\Documents\\GitHub\\GroupProject\\BE-Rest-API-SkyFly\\controllers\\auth.js","statementMap":{"0":{"start":{"line":1,"column":12},"end":{"line":1,"column":35}},"1":{"start":{"line":2,"column":24},"end":{"line":2,"column":46}},"2":{"start":{"line":3,"column":25},"end":{"line":3,"column":50}},"3":{"start":{"line":4,"column":23},"end":{"line":4,"column":40}},"4":{"start":{"line":5,"column":14},"end":{"line":5,"column":47}},"5":{"start":{"line":7,"column":39},"end":{"line":7,"column":62}},"6":{"start":{"line":8,"column":38},"end":{"line":8,"column":66}},"7":{"start":{"line":9,"column":24},"end":{"line":9,"column":55}},"8":{"start":{"line":10,"column":32},"end":{"line":10,"column":64}},"9":{"start":{"line":12,"column":43},"end":{"line":12,"column":73}},"10":{"start":{"line":13,"column":19},"end":{"line":13,"column":40}},"11":{"start":{"line":15,"column":15},"end":{"line":15,"column":33}},"12":{"start":{"line":17,"column":23},"end":{"line":93,"column":1}},"13":{"start":{"line":18,"column":4},"end":{"line":92,"column":5}},"14":{"start":{"line":19,"column":55},"end":{"line":19,"column":63}},"15":{"start":{"line":22,"column":31},"end":{"line":22,"column":51}},"16":{"start":{"line":23,"column":25},"end":{"line":23,"column":39}},"17":{"start":{"line":26,"column":24},"end":{"line":31,"column":9}},"18":{"start":{"line":34,"column":24},"end":{"line":37,"column":9}},"19":{"start":{"line":40,"column":27},"end":{"line":47,"column":10}},"20":{"start":{"line":49,"column":8},"end":{"line":55,"column":9}},"21":{"start":{"line":50,"column":12},"end":{"line":54,"column":14}},"22":{"start":{"line":58,"column":8},"end":{"line":75,"column":11}},"23":{"start":{"line":78,"column":8},"end":{"line":78,"column":72}},"24":{"start":{"line":80,"column":8},"end":{"line":85,"column":11}},"25":{"start":{"line":87,"column":8},"end":{"line":91,"column":10}},"26":{"start":{"line":95,"column":26},"end":{"line":165,"column":1}},"27":{"start":{"line":96,"column":4},"end":{"line":164,"column":5}},"28":{"start":{"line":98,"column":25},"end":{"line":98,"column":34}},"29":{"start":{"line":99,"column":27},"end":{"line":99,"column":60}},"30":{"start":{"line":101,"column":8},"end":{"line":101,"column":44}},"31":{"start":{"line":103,"column":23},"end":{"line":106,"column":10}},"32":{"start":{"line":108,"column":25},"end":{"line":108,"column":52}},"33":{"start":{"line":110,"column":8},"end":{"line":116,"column":9}},"34":{"start":{"line":111,"column":12},"end":{"line":115,"column":14}},"35":{"start":{"line":118,"column":31},"end":{"line":118,"column":50}},"36":{"start":{"line":119,"column":8},"end":{"line":119,"column":77}},"37":{"start":{"line":120,"column":8},"end":{"line":120,"column":57}},"38":{"start":{"line":121,"column":8},"end":{"line":121,"column":77}},"39":{"start":{"line":123,"column":8},"end":{"line":147,"column":11}},"40":{"start":{"line":149,"column":24},"end":{"line":153,"column":9}},"41":{"start":{"line":155,"column":22},"end":{"line":155,"column":42}},"42":{"start":{"line":157,"column":8},"end":{"line":161,"column":11}},"43":{"start":{"line":163,"column":8},"end":{"line":163,"column":63}},"44":{"start":{"line":167,"column":20},"end":{"line":228,"column":1}},"45":{"start":{"line":168,"column":4},"end":{"line":227,"column":5}},"46":{"start":{"line":169,"column":36},"end":{"line":169,"column":44}},"47":{"start":{"line":172,"column":28},"end":{"line":179,"column":10}},"48":{"start":{"line":181,"column":8},"end":{"line":187,"column":9}},"49":{"start":{"line":182,"column":12},"end":{"line":186,"column":14}},"50":{"start":{"line":190,"column":8},"end":{"line":196,"column":9}},"51":{"start":{"line":191,"column":12},"end":{"line":195,"column":14}},"52":{"start":{"line":199,"column":24},"end":{"line":204,"column":9}},"53":{"start":{"line":207,"column":8},"end":{"line":216,"column":9}},"54":{"start":{"line":209,"column":26},"end":{"line":209,"column":46}},"55":{"start":{"line":211,"column":12},"end":{"line":215,"column":15}},"56":{"start":{"line":219,"column":8},"end":{"line":221,"column":19}},"57":{"start":{"line":222,"column":8},"end":{"line":224,"column":19}},"58":{"start":{"line":226,"column":8},"end":{"line":226,"column":61}},"59":{"start":{"line":230,"column":18},"end":{"line":301,"column":1}},"60":{"start":{"line":231,"column":4},"end":{"line":300,"column":5}},"61":{"start":{"line":232,"column":26},"end":{"line":232,"column":35}},"62":{"start":{"line":234,"column":24},"end":{"line":234,"column":72}},"63":{"start":{"line":237,"column":26},"end":{"line":244,"column":10}},"64":{"start":{"line":247,"column":8},"end":{"line":249,"column":9}},"65":{"start":{"line":248,"column":12},"end":{"line":248,"column":79}},"66":{"start":{"line":252,"column":8},"end":{"line":254,"column":9}},"67":{"start":{"line":253,"column":12},"end":{"line":253,"column":80}},"68":{"start":{"line":256,"column":8},"end":{"line":262,"column":9}},"69":{"start":{"line":257,"column":12},"end":{"line":261,"column":14}},"70":{"start":{"line":265,"column":25},"end":{"line":265,"column":39}},"71":{"start":{"line":266,"column":27},"end":{"line":272,"column":9}},"72":{"start":{"line":275,"column":24},"end":{"line":277,"column":9}},"73":{"start":{"line":280,"column":8},"end":{"line":288,"column":11}},"74":{"start":{"line":291,"column":8},"end":{"line":291,"column":72}},"75":{"start":{"line":293,"column":8},"end":{"line":297,"column":11}},"76":{"start":{"line":299,"column":8},"end":{"line":299,"column":63}},"77":{"start":{"line":303,"column":18},"end":{"line":367,"column":1}},"78":{"start":{"line":304,"column":4},"end":{"line":366,"column":5}},"79":{"start":{"line":305,"column":26},"end":{"line":305,"column":35}},"80":{"start":{"line":306,"column":24},"end":{"line":306,"column":32}},"81":{"start":{"line":309,"column":24},"end":{"line":309,"column":72}},"82":{"start":{"line":312,"column":26},"end":{"line":319,"column":10}},"83":{"start":{"line":322,"column":8},"end":{"line":324,"column":9}},"84":{"start":{"line":323,"column":12},"end":{"line":323,"column":79}},"85":{"start":{"line":326,"column":8},"end":{"line":328,"column":9}},"86":{"start":{"line":327,"column":12},"end":{"line":327,"column":80}},"87":{"start":{"line":331,"column":8},"end":{"line":337,"column":9}},"88":{"start":{"line":332,"column":12},"end":{"line":336,"column":14}},"89":{"start":{"line":340,"column":20},"end":{"line":340,"column":37}},"90":{"start":{"line":342,"column":8},"end":{"line":346,"column":9}},"91":{"start":{"line":343,"column":12},"end":{"line":345,"column":14}},"92":{"start":{"line":349,"column":8},"end":{"line":358,"column":11}},"93":{"start":{"line":360,"column":8},"end":{"line":363,"column":11}},"94":{"start":{"line":365,"column":8},"end":{"line":365,"column":63}},"95":{"start":{"line":369,"column":26},"end":{"line":423,"column":1}},"96":{"start":{"line":370,"column":4},"end":{"line":422,"column":5}},"97":{"start":{"line":371,"column":26},"end":{"line":371,"column":34}},"98":{"start":{"line":373,"column":26},"end":{"line":380,"column":10}},"99":{"start":{"line":382,"column":8},"end":{"line":388,"column":9}},"100":{"start":{"line":383,"column":12},"end":{"line":387,"column":14}},"101":{"start":{"line":390,"column":24},"end":{"line":394,"column":9}},"102":{"start":{"line":396,"column":24},"end":{"line":398,"column":9}},"103":{"start":{"line":400,"column":8},"end":{"line":407,"column":11}},"104":{"start":{"line":409,"column":8},"end":{"line":413,"column":10}},"105":{"start":{"line":415,"column":8},"end":{"line":419,"column":11}},"106":{"start":{"line":421,"column":8},"end":{"line":421,"column":63}},"107":{"start":{"line":425,"column":22},"end":{"line":467,"column":1}},"108":{"start":{"line":426,"column":4},"end":{"line":466,"column":5}},"109":{"start":{"line":427,"column":26},"end":{"line":427,"column":35}},"110":{"start":{"line":428,"column":29},"end":{"line":428,"column":37}},"111":{"start":{"line":430,"column":24},"end":{"line":430,"column":72}},"112":{"start":{"line":431,"column":31},"end":{"line":431,"column":51}},"113":{"start":{"line":433,"column":26},"end":{"line":440,"column":10}},"114":{"start":{"line":442,"column":8},"end":{"line":444,"column":9}},"115":{"start":{"line":443,"column":12},"end":{"line":443,"column":79}},"116":{"start":{"line":446,"column":8},"end":{"line":448,"column":9}},"117":{"start":{"line":447,"column":12},"end":{"line":447,"column":80}},"118":{"start":{"line":450,"column":8},"end":{"line":458,"column":11}},"119":{"start":{"line":460,"column":8},"end":{"line":463,"column":11}},"120":{"start":{"line":465,"column":8},"end":{"line":465,"column":63}},"121":{"start":{"line":469,"column":24},"end":{"line":482,"column":1}},"122":{"start":{"line":470,"column":4},"end":{"line":481,"column":5}},"123":{"start":{"line":471,"column":21},"end":{"line":471,"column":29}},"124":{"start":{"line":472,"column":8},"end":{"line":473,"column":78}},"125":{"start":{"line":473,"column":12},"end":{"line":473,"column":78}},"126":{"start":{"line":475,"column":8},"end":{"line":478,"column":11}},"127":{"start":{"line":480,"column":8},"end":{"line":480,"column":61}},"128":{"start":{"line":484,"column":27},"end":{"line":531,"column":1}},"129":{"start":{"line":485,"column":4},"end":{"line":530,"column":5}},"130":{"start":{"line":486,"column":60},"end":{"line":486,"column":68}},"131":{"start":{"line":487,"column":31},"end":{"line":487,"column":51}},"132":{"start":{"line":489,"column":8},"end":{"line":489,"column":30}},"133":{"start":{"line":490,"column":8},"end":{"line":523,"column":9}},"134":{"start":{"line":491,"column":12},"end":{"line":511,"column":15}},"135":{"start":{"line":492,"column":16},"end":{"line":501,"column":19}},"136":{"start":{"line":503,"column":16},"end":{"line":510,"column":19}},"137":{"start":{"line":513,"column":12},"end":{"line":516,"column":15}},"138":{"start":{"line":518,"column":12},"end":{"line":522,"column":14}},"139":{"start":{"line":525,"column":8},"end":{"line":529,"column":10}},"140":{"start":{"line":533,"column":30},"end":{"line":535,"column":1}},"141":{"start":{"line":534,"column":4},"end":{"line":534,"column":35}},"142":{"start":{"line":537,"column":19},"end":{"line":655,"column":1}},"143":{"start":{"line":538,"column":4},"end":{"line":654,"column":5}},"144":{"start":{"line":539,"column":32},"end":{"line":539,"column":40}},"145":{"start":{"line":540,"column":26},"end":{"line":540,"column":35}},"146":{"start":{"line":542,"column":24},"end":{"line":542,"column":72}},"147":{"start":{"line":545,"column":26},"end":{"line":552,"column":10}},"148":{"start":{"line":555,"column":8},"end":{"line":557,"column":9}},"149":{"start":{"line":556,"column":12},"end":{"line":556,"column":79}},"150":{"start":{"line":560,"column":8},"end":{"line":562,"column":9}},"151":{"start":{"line":561,"column":12},"end":{"line":561,"column":80}},"152":{"start":{"line":564,"column":8},"end":{"line":570,"column":9}},"153":{"start":{"line":565,"column":12},"end":{"line":569,"column":14}},"154":{"start":{"line":573,"column":25},"end":{"line":573,"column":39}},"155":{"start":{"line":574,"column":27},"end":{"line":580,"column":9}},"156":{"start":{"line":583,"column":24},"end":{"line":585,"column":9}},"157":{"start":{"line":587,"column":37},"end":{"line":587,"column":99}},"158":{"start":{"line":590,"column":8},"end":{"line":598,"column":11}},"159":{"start":{"line":601,"column":22},"end":{"line":612,"column":9}},"160":{"start":{"line":614,"column":21},"end":{"line":629,"column":10}},"161":{"start":{"line":615,"column":25},"end":{"line":615,"column":27}},"162":{"start":{"line":617,"column":12},"end":{"line":619,"column":15}},"163":{"start":{"line":618,"column":16},"end":{"line":618,"column":35}},"164":{"start":{"line":621,"column":12},"end":{"line":624,"column":15}},"165":{"start":{"line":622,"column":27},"end":{"line":622,"column":48}},"166":{"start":{"line":623,"column":16},"end":{"line":623,"column":45}},"167":{"start":{"line":626,"column":12},"end":{"line":628,"column":15}},"168":{"start":{"line":627,"column":16},"end":{"line":627,"column":37}},"169":{"start":{"line":631,"column":23},"end":{"line":639,"column":10}},"170":{"start":{"line":641,"column":8},"end":{"line":641,"column":31}},"171":{"start":{"line":642,"column":8},"end":{"line":642,"column":21}},"172":{"start":{"line":643,"column":8},"end":{"line":647,"column":11}},"173":{"start":{"line":649,"column":8},"end":{"line":653,"column":10}},"174":{"start":{"line":657,"column":0},"end":{"line":669,"column":2}}},"fnMap":{"0":{"name":"(anonymous_0)","decl":{"start":{"line":17,"column":23},"end":{"line":17,"column":24}},"loc":{"start":{"line":17,"column":49},"end":{"line":93,"column":1}},"line":17},"1":{"name":"(anonymous_1)","decl":{"start":{"line":95,"column":26},"end":{"line":95,"column":27}},"loc":{"start":{"line":95,"column":52},"end":{"line":165,"column":1}},"line":95},"2":{"name":"(anonymous_2)","decl":{"start":{"line":167,"column":20},"end":{"line":167,"column":21}},"loc":{"start":{"line":167,"column":46},"end":{"line":228,"column":1}},"line":167},"3":{"name":"(anonymous_3)","decl":{"start":{"line":230,"column":18},"end":{"line":230,"column":19}},"loc":{"start":{"line":230,"column":44},"end":{"line":301,"column":1}},"line":230},"4":{"name":"(anonymous_4)","decl":{"start":{"line":303,"column":18},"end":{"line":303,"column":19}},"loc":{"start":{"line":303,"column":44},"end":{"line":367,"column":1}},"line":303},"5":{"name":"(anonymous_5)","decl":{"start":{"line":369,"column":26},"end":{"line":369,"column":27}},"loc":{"start":{"line":369,"column":52},"end":{"line":423,"column":1}},"line":369},"6":{"name":"(anonymous_6)","decl":{"start":{"line":425,"column":22},"end":{"line":425,"column":23}},"loc":{"start":{"line":425,"column":48},"end":{"line":467,"column":1}},"line":425},"7":{"name":"(anonymous_7)","decl":{"start":{"line":469,"column":24},"end":{"line":469,"column":25}},"loc":{"start":{"line":469,"column":50},"end":{"line":482,"column":1}},"line":469},"8":{"name":"(anonymous_8)","decl":{"start":{"line":484,"column":27},"end":{"line":484,"column":28}},"loc":{"start":{"line":484,"column":53},"end":{"line":531,"column":1}},"line":484},"9":{"name":"(anonymous_9)","decl":{"start":{"line":491,"column":38},"end":{"line":491,"column":39}},"loc":{"start":{"line":491,"column":52},"end":{"line":511,"column":13}},"line":491},"10":{"name":"(anonymous_10)","decl":{"start":{"line":533,"column":30},"end":{"line":533,"column":31}},"loc":{"start":{"line":533,"column":44},"end":{"line":535,"column":1}},"line":533},"11":{"name":"(anonymous_11)","decl":{"start":{"line":537,"column":19},"end":{"line":537,"column":20}},"loc":{"start":{"line":537,"column":45},"end":{"line":655,"column":1}},"line":537},"12":{"name":"(anonymous_12)","decl":{"start":{"line":614,"column":44},"end":{"line":614,"column":45}},"loc":{"start":{"line":614,"column":59},"end":{"line":629,"column":9}},"line":614},"13":{"name":"(anonymous_13)","decl":{"start":{"line":617,"column":27},"end":{"line":617,"column":28}},"loc":{"start":{"line":617,"column":44},"end":{"line":619,"column":13}},"line":617},"14":{"name":"(anonymous_14)","decl":{"start":{"line":621,"column":26},"end":{"line":621,"column":27}},"loc":{"start":{"line":621,"column":43},"end":{"line":624,"column":13}},"line":621},"15":{"name":"(anonymous_15)","decl":{"start":{"line":626,"column":28},"end":{"line":626,"column":29}},"loc":{"start":{"line":626,"column":45},"end":{"line":628,"column":13}},"line":626}},"branchMap":{"0":{"loc":{"start":{"line":49,"column":8},"end":{"line":55,"column":9}},"type":"if","locations":[{"start":{"line":49,"column":8},"end":{"line":55,"column":9}},{"start":{},"end":{}}],"line":49},"1":{"loc":{"start":{"line":110,"column":8},"end":{"line":116,"column":9}},"type":"if","locations":[{"start":{"line":110,"column":8},"end":{"line":116,"column":9}},{"start":{},"end":{}}],"line":110},"2":{"loc":{"start":{"line":181,"column":8},"end":{"line":187,"column":9}},"type":"if","locations":[{"start":{"line":181,"column":8},"end":{"line":187,"column":9}},{"start":{},"end":{}}],"line":181},"3":{"loc":{"start":{"line":190,"column":8},"end":{"line":196,"column":9}},"type":"if","locations":[{"start":{"line":190,"column":8},"end":{"line":196,"column":9}},{"start":{},"end":{}}],"line":190},"4":{"loc":{"start":{"line":207,"column":8},"end":{"line":216,"column":9}},"type":"if","locations":[{"start":{"line":207,"column":8},"end":{"line":216,"column":9}},{"start":{},"end":{}}],"line":207},"5":{"loc":{"start":{"line":207,"column":12},"end":{"line":207,"column":72}},"type":"binary-expr","locations":[{"start":{"line":207,"column":12},"end":{"line":207,"column":23}},{"start":{"line":207,"column":27},"end":{"line":207,"column":72}}],"line":207},"6":{"loc":{"start":{"line":219,"column":8},"end":{"line":221,"column":18}},"type":"cond-expr","locations":[{"start":{"line":220,"column":14},"end":{"line":220,"column":77}},{"start":{"line":221,"column":14},"end":{"line":221,"column":18}}],"line":219},"7":{"loc":{"start":{"line":222,"column":8},"end":{"line":224,"column":18}},"type":"cond-expr","locations":[{"start":{"line":223,"column":14},"end":{"line":223,"column":71}},{"start":{"line":224,"column":14},"end":{"line":224,"column":18}}],"line":222},"8":{"loc":{"start":{"line":247,"column":8},"end":{"line":249,"column":9}},"type":"if","locations":[{"start":{"line":247,"column":8},"end":{"line":249,"column":9}},{"start":{},"end":{}}],"line":247},"9":{"loc":{"start":{"line":247,"column":12},"end":{"line":247,"column":77}},"type":"binary-expr","locations":[{"start":{"line":247,"column":12},"end":{"line":247,"column":43}},{"start":{"line":247,"column":47},"end":{"line":247,"column":59}},{"start":{"line":247,"column":63},"end":{"line":247,"column":77}}],"line":247},"10":{"loc":{"start":{"line":252,"column":8},"end":{"line":254,"column":9}},"type":"if","locations":[{"start":{"line":252,"column":8},"end":{"line":254,"column":9}},{"start":{},"end":{}}],"line":252},"11":{"loc":{"start":{"line":256,"column":8},"end":{"line":262,"column":9}},"type":"if","locations":[{"start":{"line":256,"column":8},"end":{"line":262,"column":9}},{"start":{},"end":{}}],"line":256},"12":{"loc":{"start":{"line":322,"column":8},"end":{"line":324,"column":9}},"type":"if","locations":[{"start":{"line":322,"column":8},"end":{"line":324,"column":9}},{"start":{},"end":{}}],"line":322},"13":{"loc":{"start":{"line":322,"column":12},"end":{"line":322,"column":77}},"type":"binary-expr","locations":[{"start":{"line":322,"column":12},"end":{"line":322,"column":43}},{"start":{"line":322,"column":47},"end":{"line":322,"column":59}},{"start":{"line":322,"column":63},"end":{"line":322,"column":77}}],"line":322},"14":{"loc":{"start":{"line":326,"column":8},"end":{"line":328,"column":9}},"type":"if","locations":[{"start":{"line":326,"column":8},"end":{"line":328,"column":9}},{"start":{},"end":{}}],"line":326},"15":{"loc":{"start":{"line":331,"column":8},"end":{"line":337,"column":9}},"type":"if","locations":[{"start":{"line":331,"column":8},"end":{"line":337,"column":9}},{"start":{},"end":{}}],"line":331},"16":{"loc":{"start":{"line":342,"column":8},"end":{"line":346,"column":9}},"type":"if","locations":[{"start":{"line":342,"column":8},"end":{"line":346,"column":9}},{"start":{},"end":{}}],"line":342},"17":{"loc":{"start":{"line":342,"column":12},"end":{"line":342,"column":55}},"type":"binary-expr","locations":[{"start":{"line":342,"column":12},"end":{"line":342,"column":26}},{"start":{"line":342,"column":30},"end":{"line":342,"column":55}}],"line":342},"18":{"loc":{"start":{"line":382,"column":8},"end":{"line":388,"column":9}},"type":"if","locations":[{"start":{"line":382,"column":8},"end":{"line":388,"column":9}},{"start":{},"end":{}}],"line":382},"19":{"loc":{"start":{"line":442,"column":8},"end":{"line":444,"column":9}},"type":"if","locations":[{"start":{"line":442,"column":8},"end":{"line":444,"column":9}},{"start":{},"end":{}}],"line":442},"20":{"loc":{"start":{"line":442,"column":12},"end":{"line":442,"column":77}},"type":"binary-expr","locations":[{"start":{"line":442,"column":12},"end":{"line":442,"column":43}},{"start":{"line":442,"column":47},"end":{"line":442,"column":59}},{"start":{"line":442,"column":63},"end":{"line":442,"column":77}}],"line":442},"21":{"loc":{"start":{"line":446,"column":8},"end":{"line":448,"column":9}},"type":"if","locations":[{"start":{"line":446,"column":8},"end":{"line":448,"column":9}},{"start":{},"end":{}}],"line":446},"22":{"loc":{"start":{"line":472,"column":8},"end":{"line":473,"column":78}},"type":"if","locations":[{"start":{"line":472,"column":8},"end":{"line":473,"column":78}},{"start":{},"end":{}}],"line":472},"23":{"loc":{"start":{"line":555,"column":8},"end":{"line":557,"column":9}},"type":"if","locations":[{"start":{"line":555,"column":8},"end":{"line":557,"column":9}},{"start":{},"end":{}}],"line":555},"24":{"loc":{"start":{"line":555,"column":12},"end":{"line":555,"column":77}},"type":"binary-expr","locations":[{"start":{"line":555,"column":12},"end":{"line":555,"column":43}},{"start":{"line":555,"column":47},"end":{"line":555,"column":59}},{"start":{"line":555,"column":63},"end":{"line":555,"column":77}}],"line":555},"25":{"loc":{"start":{"line":560,"column":8},"end":{"line":562,"column":9}},"type":"if","locations":[{"start":{"line":560,"column":8},"end":{"line":562,"column":9}},{"start":{},"end":{}}],"line":560},"26":{"loc":{"start":{"line":564,"column":8},"end":{"line":570,"column":9}},"type":"if","locations":[{"start":{"line":564,"column":8},"end":{"line":570,"column":9}},{"start":{},"end":{}}],"line":564}},"s":{"0":1,"1":1,"2":1,"3":1,"4":1,"5":1,"6":1,"7":1,"8":1,"9":1,"10":1,"11":1,"12":1,"13":3,"14":3,"15":3,"16":3,"17":3,"18":3,"19":3,"20":2,"21":1,"22":1,"23":1,"24":1,"25":1,"26":1,"27":0,"28":0,"29":0,"30":0,"31":0,"32":0,"33":0,"34":0,"35":0,"36":0,"37":0,"38":0,"39":0,"40":0,"41":0,"42":0,"43":0,"44":1,"45":0,"46":0,"47":0,"48":0,"49":0,"50":0,"51":0,"52":0,"53":0,"54":0,"55":0,"56":0,"57":0,"58":0,"59":1,"60":0,"61":0,"62":0,"63":0,"64":0,"65":0,"66":0,"67":0,"68":0,"69":0,"70":0,"71":0,"72":0,"73":0,"74":0,"75":0,"76":0,"77":1,"78":0,"79":0,"80":0,"81":0,"82":0,"83":0,"84":0,"85":0,"86":0,"87":0,"88":0,"89":0,"90":0,"91":0,"92":0,"93":0,"94":0,"95":1,"96":0,"97":0,"98":0,"99":0,"100":0,"101":0,"102":0,"103":0,"104":0,"105":0,"106":0,"107":1,"108":0,"109":0,"110":0,"111":0,"112":0,"113":0,"114":0,"115":0,"116":0,"117":0,"118":0,"119":0,"120":0,"121":1,"122":0,"123":0,"124":0,"125":0,"126":0,"127":0,"128":1,"129":0,"130":0,"131":0,"132":0,"133":0,"134":0,"135":0,"136":0,"137":0,"138":0,"139":0,"140":1,"141":0,"142":1,"143":0,"144":0,"145":0,"146":0,"147":0,"148":0,"149":0,"150":0,"151":0,"152":0,"153":0,"154":0,"155":0,"156":0,"157":0,"158":0,"159":0,"160":0,"161":0,"162":0,"163":0,"164":0,"165":0,"166":0,"167":0,"168":0,"169":0,"170":0,"171":0,"172":0,"173":0,"174":1},"f":{"0":3,"1":0,"2":0,"3":0,"4":0,"5":0,"6":0,"7":0,"8":0,"9":0,"10":0,"11":0,"12":0,"13":0,"14":0,"15":0},"b":{"0":[1,1],"1":[0,0],"2":[0,0],"3":[0,0],"4":[0,0],"5":[0,0],"6":[0,0],"7":[0,0],"8":[0,0],"9":[0,0,0],"10":[0,0],"11":[0,0],"12":[0,0],"13":[0,0,0],"14":[0,0],"15":[0,0],"16":[0,0],"17":[0,0],"18":[0,0],"19":[0,0],"20":[0,0,0],"21":[0,0],"22":[0,0],"23":[0,0],"24":[0,0,0],"25":[0,0],"26":[0,0]},"_coverageSchema":"1a1c01bbd47fc00a2c39e90264f33305004495a9","hash":"22fb3ec940ac6d675dc01ba43cd93e0422cb1945"}
,"C:\\Users\\Setsuna\\Documents\\GitHub\\GroupProject\\BE-Rest-API-SkyFly\\controllers\\flight.js": {"path":"C:\\Users\\Setsuna\\Documents\\GitHub\\GroupProject\\BE-Rest-API-SkyFly\\controllers\\flight.js","statementMap":{"0":{"start":{"line":1,"column":25},"end":{"line":1,"column":50}},"1":{"start":{"line":2,"column":24},"end":{"line":2,"column":46}},"2":{"start":{"line":4,"column":15},"end":{"line":4,"column":33}},"3":{"start":{"line":6,"column":21},"end":{"line":176,"column":1}},"4":{"start":{"line":7,"column":2},"end":{"line":175,"column":3}},"5":{"start":{"line":21,"column":8},"end":{"line":21,"column":17}},"6":{"start":{"line":23,"column":17},"end":{"line":23,"column":35}},"7":{"start":{"line":24,"column":17},"end":{"line":24,"column":32}},"8":{"start":{"line":26,"column":18},"end":{"line":26,"column":29}},"9":{"start":{"line":28,"column":4},"end":{"line":35,"column":5}},"10":{"start":{"line":29,"column":6},"end":{"line":34,"column":9}},"11":{"start":{"line":37,"column":4},"end":{"line":44,"column":5}},"12":{"start":{"line":38,"column":6},"end":{"line":43,"column":9}},"13":{"start":{"line":46,"column":4},"end":{"line":54,"column":5}},"14":{"start":{"line":47,"column":34},"end":{"line":47,"column":57}},"15":{"start":{"line":48,"column":6},"end":{"line":53,"column":9}},"16":{"start":{"line":56,"column":4},"end":{"line":58,"column":5}},"17":{"start":{"line":57,"column":6},"end":{"line":57,"column":68}},"18":{"start":{"line":60,"column":4},"end":{"line":69,"column":5}},"19":{"start":{"line":61,"column":6},"end":{"line":68,"column":9}},"20":{"start":{"line":71,"column":4},"end":{"line":75,"column":5}},"21":{"start":{"line":72,"column":6},"end":{"line":72,"column":60}},"22":{"start":{"line":73,"column":11},"end":{"line":75,"column":5}},"23":{"start":{"line":74,"column":6},"end":{"line":74,"column":49}},"24":{"start":{"line":77,"column":4},"end":{"line":81,"column":5}},"25":{"start":{"line":78,"column":6},"end":{"line":78,"column":57}},"26":{"start":{"line":79,"column":11},"end":{"line":81,"column":5}},"27":{"start":{"line":80,"column":6},"end":{"line":80,"column":48}},"28":{"start":{"line":83,"column":4},"end":{"line":90,"column":5}},"29":{"start":{"line":84,"column":6},"end":{"line":86,"column":7}},"30":{"start":{"line":85,"column":8},"end":{"line":85,"column":67}},"31":{"start":{"line":87,"column":6},"end":{"line":89,"column":7}},"32":{"start":{"line":88,"column":8},"end":{"line":88,"column":67}},"33":{"start":{"line":92,"column":4},"end":{"line":97,"column":5}},"34":{"start":{"line":93,"column":27},"end":{"line":93,"column":48}},"35":{"start":{"line":94,"column":6},"end":{"line":96,"column":9}},"36":{"start":{"line":95,"column":8},"end":{"line":95,"column":72}},"37":{"start":{"line":99,"column":20},"end":{"line":109,"column":6}},"38":{"start":{"line":111,"column":18},"end":{"line":111,"column":63}},"39":{"start":{"line":112,"column":23},"end":{"line":112,"column":46}},"40":{"start":{"line":113,"column":24},"end":{"line":113,"column":38}},"41":{"start":{"line":115,"column":29},"end":{"line":150,"column":7}},"42":{"start":{"line":115,"column":52},"end":{"line":150,"column":5}},"43":{"start":{"line":152,"column":4},"end":{"line":164,"column":7}},"44":{"start":{"line":166,"column":4},"end":{"line":174,"column":5}},"45":{"start":{"line":167,"column":6},"end":{"line":171,"column":8}},"46":{"start":{"line":173,"column":6},"end":{"line":173,"column":71}},"47":{"start":{"line":179,"column":22},"end":{"line":243,"column":1}},"48":{"start":{"line":180,"column":2},"end":{"line":242,"column":3}},"49":{"start":{"line":181,"column":19},"end":{"line":188,"column":6}},"50":{"start":{"line":190,"column":4},"end":{"line":196,"column":5}},"51":{"start":{"line":191,"column":6},"end":{"line":195,"column":8}},"52":{"start":{"line":198,"column":28},"end":{"line":233,"column":5}},"53":{"start":{"line":235,"column":4},"end":{"line":239,"column":7}},"54":{"start":{"line":241,"column":4},"end":{"line":241,"column":69}},"55":{"start":{"line":245,"column":16},"end":{"line":245,"column":25}},"56":{"start":{"line":247,"column":21},"end":{"line":326,"column":1}},"57":{"start":{"line":261,"column":6},"end":{"line":261,"column":14}},"58":{"start":{"line":263,"column":28},"end":{"line":263,"column":51}},"59":{"start":{"line":264,"column":26},"end":{"line":264,"column":47}},"60":{"start":{"line":265,"column":33},"end":{"line":265,"column":89}},"61":{"start":{"line":266,"column":35},"end":{"line":266,"column":95}},"62":{"start":{"line":268,"column":35},"end":{"line":268,"column":107}},"63":{"start":{"line":269,"column":33},"end":{"line":269,"column":103}},"64":{"start":{"line":270,"column":40},"end":{"line":270,"column":149}},"65":{"start":{"line":271,"column":42},"end":{"line":271,"column":155}},"66":{"start":{"line":272,"column":2},"end":{"line":325,"column":3}},"67":{"start":{"line":273,"column":18},"end":{"line":273,"column":77}},"68":{"start":{"line":274,"column":29},"end":{"line":274,"column":99}},"69":{"start":{"line":276,"column":4},"end":{"line":278,"column":5}},"70":{"start":{"line":277,"column":6},"end":{"line":277,"column":94}},"71":{"start":{"line":280,"column":21},"end":{"line":280,"column":26}},"72":{"start":{"line":281,"column":4},"end":{"line":283,"column":5}},"73":{"start":{"line":282,"column":6},"end":{"line":282,"column":54}},"74":{"start":{"line":285,"column":21},"end":{"line":285,"column":61}},"75":{"start":{"line":287,"column":23},"end":{"line":287,"column":49}},"76":{"start":{"line":289,"column":22},"end":{"line":289,"column":36}},"77":{"start":{"line":291,"column":4},"end":{"line":291,"column":37}},"78":{"start":{"line":293,"column":17},"end":{"line":293,"column":43}},"79":{"start":{"line":295,"column":22},"end":{"line":316,"column":6}},"80":{"start":{"line":318,"column":4},"end":{"line":322,"column":7}},"81":{"start":{"line":324,"column":4},"end":{"line":324,"column":69}},"82":{"start":{"line":328,"column":21},"end":{"line":404,"column":1}},"83":{"start":{"line":341,"column":6},"end":{"line":341,"column":14}},"84":{"start":{"line":343,"column":28},"end":{"line":343,"column":51}},"85":{"start":{"line":344,"column":26},"end":{"line":344,"column":47}},"86":{"start":{"line":345,"column":33},"end":{"line":345,"column":89}},"87":{"start":{"line":346,"column":35},"end":{"line":346,"column":95}},"88":{"start":{"line":348,"column":35},"end":{"line":348,"column":107}},"89":{"start":{"line":349,"column":33},"end":{"line":349,"column":103}},"90":{"start":{"line":350,"column":40},"end":{"line":350,"column":149}},"91":{"start":{"line":351,"column":42},"end":{"line":351,"column":155}},"92":{"start":{"line":353,"column":19},"end":{"line":353,"column":24}},"93":{"start":{"line":354,"column":2},"end":{"line":356,"column":3}},"94":{"start":{"line":355,"column":4},"end":{"line":355,"column":52}},"95":{"start":{"line":357,"column":2},"end":{"line":403,"column":3}},"96":{"start":{"line":358,"column":19},"end":{"line":360,"column":6}},"97":{"start":{"line":362,"column":4},"end":{"line":368,"column":5}},"98":{"start":{"line":363,"column":6},"end":{"line":367,"column":8}},"99":{"start":{"line":370,"column":26},"end":{"line":391,"column":6}},"100":{"start":{"line":393,"column":4},"end":{"line":400,"column":7}},"101":{"start":{"line":402,"column":4},"end":{"line":402,"column":69}},"102":{"start":{"line":406,"column":32},"end":{"line":440,"column":1}},"103":{"start":{"line":407,"column":2},"end":{"line":439,"column":3}},"104":{"start":{"line":408,"column":33},"end":{"line":419,"column":6}},"105":{"start":{"line":421,"column":36},"end":{"line":430,"column":7}},"106":{"start":{"line":422,"column":22},"end":{"line":424,"column":8}},"107":{"start":{"line":426,"column":6},"end":{"line":429,"column":8}},"108":{"start":{"line":432,"column":4},"end":{"line":436,"column":7}},"109":{"start":{"line":438,"column":4},"end":{"line":438,"column":69}},"110":{"start":{"line":442,"column":21},"end":{"line":482,"column":1}},"111":{"start":{"line":443,"column":2},"end":{"line":481,"column":3}},"112":{"start":{"line":444,"column":19},"end":{"line":450,"column":6}},"113":{"start":{"line":452,"column":4},"end":{"line":458,"column":5}},"114":{"start":{"line":453,"column":6},"end":{"line":457,"column":8}},"115":{"start":{"line":460,"column":4},"end":{"line":468,"column":5}},"116":{"start":{"line":461,"column":6},"end":{"line":463,"column":9}},"117":{"start":{"line":465,"column":6},"end":{"line":467,"column":9}},"118":{"start":{"line":470,"column":26},"end":{"line":472,"column":6}},"119":{"start":{"line":474,"column":4},"end":{"line":478,"column":7}},"120":{"start":{"line":480,"column":4},"end":{"line":480,"column":69}},"121":{"start":{"line":484,"column":0},"end":{"line":491,"column":2}}},"fnMap":{"0":{"name":"(anonymous_0)","decl":{"start":{"line":6,"column":21},"end":{"line":6,"column":22}},"loc":{"start":{"line":6,"column":47},"end":{"line":176,"column":1}},"line":6},"1":{"name":"(anonymous_1)","decl":{"start":{"line":94,"column":27},"end":{"line":94,"column":28}},"loc":{"start":{"line":94,"column":39},"end":{"line":96,"column":7}},"line":94},"2":{"name":"(anonymous_2)","decl":{"start":{"line":115,"column":41},"end":{"line":115,"column":42}},"loc":{"start":{"line":115,"column":52},"end":{"line":150,"column":5}},"line":115},"3":{"name":"(anonymous_3)","decl":{"start":{"line":179,"column":22},"end":{"line":179,"column":23}},"loc":{"start":{"line":179,"column":48},"end":{"line":243,"column":1}},"line":179},"4":{"name":"(anonymous_4)","decl":{"start":{"line":247,"column":21},"end":{"line":247,"column":22}},"loc":{"start":{"line":247,"column":47},"end":{"line":326,"column":1}},"line":247},"5":{"name":"(anonymous_5)","decl":{"start":{"line":328,"column":21},"end":{"line":328,"column":22}},"loc":{"start":{"line":328,"column":47},"end":{"line":404,"column":1}},"line":328},"6":{"name":"(anonymous_6)","decl":{"start":{"line":406,"column":32},"end":{"line":406,"column":33}},"loc":{"start":{"line":406,"column":58},"end":{"line":440,"column":1}},"line":406},"7":{"name":"(anonymous_7)","decl":{"start":{"line":421,"column":79},"end":{"line":421,"column":80}},"loc":{"start":{"line":421,"column":102},"end":{"line":430,"column":5}},"line":421},"8":{"name":"(anonymous_8)","decl":{"start":{"line":442,"column":21},"end":{"line":442,"column":22}},"loc":{"start":{"line":442,"column":47},"end":{"line":482,"column":1}},"line":442}},"branchMap":{"0":{"loc":{"start":{"line":9,"column":6},"end":{"line":9,"column":14}},"type":"default-arg","locations":[{"start":{"line":9,"column":13},"end":{"line":9,"column":14}}],"line":9},"1":{"loc":{"start":{"line":10,"column":6},"end":{"line":10,"column":16}},"type":"default-arg","locations":[{"start":{"line":10,"column":14},"end":{"line":10,"column":16}}],"line":10},"2":{"loc":{"start":{"line":28,"column":4},"end":{"line":35,"column":5}},"type":"if","locations":[{"start":{"line":28,"column":4},"end":{"line":35,"column":5}},{"start":{},"end":{}}],"line":28},"3":{"loc":{"start":{"line":37,"column":4},"end":{"line":44,"column":5}},"type":"if","locations":[{"start":{"line":37,"column":4},"end":{"line":44,"column":5}},{"start":{},"end":{}}],"line":37},"4":{"loc":{"start":{"line":46,"column":4},"end":{"line":54,"column":5}},"type":"if","locations":[{"start":{"line":46,"column":4},"end":{"line":54,"column":5}},{"start":{},"end":{}}],"line":46},"5":{"loc":{"start":{"line":56,"column":4},"end":{"line":58,"column":5}},"type":"if","locations":[{"start":{"line":56,"column":4},"end":{"line":58,"column":5}},{"start":{},"end":{}}],"line":56},"6":{"loc":{"start":{"line":60,"column":4},"end":{"line":69,"column":5}},"type":"if","locations":[{"start":{"line":60,"column":4},"end":{"line":69,"column":5}},{"start":{},"end":{}}],"line":60},"7":{"loc":{"start":{"line":71,"column":4},"end":{"line":75,"column":5}},"type":"if","locations":[{"start":{"line":71,"column":4},"end":{"line":75,"column":5}},{"start":{"line":73,"column":11},"end":{"line":75,"column":5}}],"line":71},"8":{"loc":{"start":{"line":71,"column":8},"end":{"line":71,"column":43}},"type":"binary-expr","locations":[{"start":{"line":71,"column":8},"end":{"line":71,"column":18}},{"start":{"line":71,"column":22},"end":{"line":71,"column":43}}],"line":71},"9":{"loc":{"start":{"line":73,"column":11},"end":{"line":75,"column":5}},"type":"if","locations":[{"start":{"line":73,"column":11},"end":{"line":75,"column":5}},{"start":{},"end":{}}],"line":73},"10":{"loc":{"start":{"line":73,"column":15},"end":{"line":73,"column":51}},"type":"binary-expr","locations":[{"start":{"line":73,"column":15},"end":{"line":73,"column":25}},{"start":{"line":73,"column":29},"end":{"line":73,"column":51}}],"line":73},"11":{"loc":{"start":{"line":77,"column":4},"end":{"line":81,"column":5}},"type":"if","locations":[{"start":{"line":77,"column":4},"end":{"line":81,"column":5}},{"start":{"line":79,"column":11},"end":{"line":81,"column":5}}],"line":77},"12":{"loc":{"start":{"line":77,"column":8},"end":{"line":77,"column":45}},"type":"binary-expr","locations":[{"start":{"line":77,"column":8},"end":{"line":77,"column":19}},{"start":{"line":77,"column":23},"end":{"line":77,"column":45}}],"line":77},"13":{"loc":{"start":{"line":78,"column":42},"end":{"line":78,"column":51}},"type":"binary-expr","locations":[{"start":{"line":78,"column":42},"end":{"line":78,"column":46}},{"start":{"line":78,"column":50},"end":{"line":78,"column":51}}],"line":78},"14":{"loc":{"start":{"line":79,"column":11},"end":{"line":81,"column":5}},"type":"if","locations":[{"start":{"line":79,"column":11},"end":{"line":81,"column":5}},{"start":{},"end":{}}],"line":79},"15":{"loc":{"start":{"line":79,"column":15},"end":{"line":79,"column":53}},"type":"binary-expr","locations":[{"start":{"line":79,"column":15},"end":{"line":79,"column":26}},{"start":{"line":79,"column":30},"end":{"line":79,"column":53}}],"line":79},"16":{"loc":{"start":{"line":80,"column":35},"end":{"line":80,"column":44}},"type":"binary-expr","locations":[{"start":{"line":80,"column":35},"end":{"line":80,"column":39}},{"start":{"line":80,"column":43},"end":{"line":80,"column":44}}],"line":80},"17":{"loc":{"start":{"line":83,"column":4},"end":{"line":90,"column":5}},"type":"if","locations":[{"start":{"line":83,"column":4},"end":{"line":90,"column":5}},{"start":{},"end":{}}],"line":83},"18":{"loc":{"start":{"line":83,"column":8},"end":{"line":83,"column":28}},"type":"binary-expr","locations":[{"start":{"line":83,"column":8},"end":{"line":83,"column":16}},{"start":{"line":83,"column":20},"end":{"line":83,"column":28}}],"line":83},"19":{"loc":{"start":{"line":84,"column":6},"end":{"line":86,"column":7}},"type":"if","locations":[{"start":{"line":84,"column":6},"end":{"line":86,"column":7}},{"start":{},"end":{}}],"line":84},"20":{"loc":{"start":{"line":87,"column":6},"end":{"line":89,"column":7}},"type":"if","locations":[{"start":{"line":87,"column":6},"end":{"line":89,"column":7}},{"start":{},"end":{}}],"line":87},"21":{"loc":{"start":{"line":92,"column":4},"end":{"line":97,"column":5}},"type":"if","locations":[{"start":{"line":92,"column":4},"end":{"line":97,"column":5}},{"start":{},"end":{}}],"line":92},"22":{"loc":{"start":{"line":127,"column":15},"end":{"line":137,"column":14}},"type":"cond-expr","locations":[{"start":{"line":127,"column":39},"end":{"line":137,"column":7}},{"start":{"line":137,"column":10},"end":{"line":137,"column":14}}],"line":127},"23":{"loc":{"start":{"line":160,"column":18},"end":{"line":160,"column":67}},"type":"cond-expr","locations":[{"start":{"line":160,"column":45},"end":{"line":160,"column":60}},{"start":{"line":160,"column":63},"end":{"line":160,"column":67}}],"line":160},"24":{"loc":{"start":{"line":161,"column":18},"end":{"line":161,"column":58}},"type":"cond-expr","locations":[{"start":{"line":161,"column":36},"end":{"line":161,"column":51}},{"start":{"line":161,"column":54},"end":{"line":161,"column":58}}],"line":161},"25":{"loc":{"start":{"line":163,"column":12},"end":{"line":163,"column":85}},"type":"cond-expr","locations":[{"start":{"line":163,"column":44},"end":{"line":163,"column":60}},{"start":{"line":163,"column":63},"end":{"line":163,"column":85}}],"line":163},"26":{"loc":{"start":{"line":166,"column":4},"end":{"line":174,"column":5}},"type":"if","locations":[{"start":{"line":166,"column":4},"end":{"line":174,"column":5}},{"start":{"line":172,"column":11},"end":{"line":174,"column":5}}],"line":166},"27":{"loc":{"start":{"line":190,"column":4},"end":{"line":196,"column":5}},"type":"if","locations":[{"start":{"line":190,"column":4},"end":{"line":196,"column":5}},{"start":{},"end":{}}],"line":190},"28":{"loc":{"start":{"line":210,"column":15},"end":{"line":220,"column":14}},"type":"cond-expr","locations":[{"start":{"line":210,"column":39},"end":{"line":220,"column":7}},{"start":{"line":220,"column":10},"end":{"line":220,"column":14}}],"line":210},"29":{"loc":{"start":{"line":265,"column":33},"end":{"line":265,"column":89}},"type":"cond-expr","locations":[{"start":{"line":265,"column":54},"end":{"line":265,"column":82}},{"start":{"line":265,"column":85},"end":{"line":265,"column":89}}],"line":265},"30":{"loc":{"start":{"line":266,"column":35},"end":{"line":266,"column":95}},"type":"cond-expr","locations":[{"start":{"line":266,"column":58},"end":{"line":266,"column":88}},{"start":{"line":266,"column":91},"end":{"line":266,"column":95}}],"line":266},"31":{"loc":{"start":{"line":270,"column":40},"end":{"line":270,"column":149}},"type":"cond-expr","locations":[{"start":{"line":270,"column":65},"end":{"line":270,"column":142}},{"start":{"line":270,"column":145},"end":{"line":270,"column":149}}],"line":270},"32":{"loc":{"start":{"line":271,"column":42},"end":{"line":271,"column":155}},"type":"cond-expr","locations":[{"start":{"line":271,"column":69},"end":{"line":271,"column":148}},{"start":{"line":271,"column":151},"end":{"line":271,"column":155}}],"line":271},"33":{"loc":{"start":{"line":276,"column":4},"end":{"line":278,"column":5}},"type":"if","locations":[{"start":{"line":276,"column":4},"end":{"line":278,"column":5}},{"start":{},"end":{}}],"line":276},"34":{"loc":{"start":{"line":276,"column":8},"end":{"line":276,"column":35}},"type":"binary-expr","locations":[{"start":{"line":276,"column":8},"end":{"line":276,"column":14}},{"start":{"line":276,"column":18},"end":{"line":276,"column":35}}],"line":276},"35":{"loc":{"start":{"line":281,"column":4},"end":{"line":283,"column":5}},"type":"if","locations":[{"start":{"line":281,"column":4},"end":{"line":283,"column":5}},{"start":{},"end":{}}],"line":281},"36":{"loc":{"start":{"line":287,"column":23},"end":{"line":287,"column":49}},"type":"binary-expr","locations":[{"start":{"line":287,"column":23},"end":{"line":287,"column":44}},{"start":{"line":287,"column":48},"end":{"line":287,"column":49}}],"line":287},"37":{"loc":{"start":{"line":345,"column":33},"end":{"line":345,"column":89}},"type":"cond-expr","locations":[{"start":{"line":345,"column":54},"end":{"line":345,"column":82}},{"start":{"line":345,"column":85},"end":{"line":345,"column":89}}],"line":345},"38":{"loc":{"start":{"line":346,"column":35},"end":{"line":346,"column":95}},"type":"cond-expr","locations":[{"start":{"line":346,"column":58},"end":{"line":346,"column":88}},{"start":{"line":346,"column":91},"end":{"line":346,"column":95}}],"line":346},"39":{"loc":{"start":{"line":350,"column":40},"end":{"line":350,"column":149}},"type":"cond-expr","locations":[{"start":{"line":350,"column":65},"end":{"line":350,"column":142}},{"start":{"line":350,"column":145},"end":{"line":350,"column":149}}],"line":350},"40":{"loc":{"start":{"line":351,"column":42},"end":{"line":351,"column":155}},"type":"cond-expr","locations":[{"start":{"line":351,"column":69},"end":{"line":351,"column":148}},{"start":{"line":351,"column":151},"end":{"line":351,"column":155}}],"line":351},"41":{"loc":{"start":{"line":354,"column":2},"end":{"line":356,"column":3}},"type":"if","locations":[{"start":{"line":354,"column":2},"end":{"line":356,"column":3}},{"start":{},"end":{}}],"line":354},"42":{"loc":{"start":{"line":362,"column":4},"end":{"line":368,"column":5}},"type":"if","locations":[{"start":{"line":362,"column":4},"end":{"line":368,"column":5}},{"start":{},"end":{}}],"line":362},"43":{"loc":{"start":{"line":452,"column":4},"end":{"line":458,"column":5}},"type":"if","locations":[{"start":{"line":452,"column":4},"end":{"line":458,"column":5}},{"start":{},"end":{}}],"line":452},"44":{"loc":{"start":{"line":460,"column":4},"end":{"line":468,"column":5}},"type":"if","locations":[{"start":{"line":460,"column":4},"end":{"line":468,"column":5}},{"start":{},"end":{}}],"line":460},"45":{"loc":{"start":{"line":460,"column":8},"end":{"line":460,"column":60}},"type":"binary-expr","locations":[{"start":{"line":460,"column":8},"end":{"line":460,"column":31}},{"start":{"line":460,"column":35},"end":{"line":460,"column":60}}],"line":460}},"s":{"0":1,"1":1,"2":1,"3":1,"4":2,"5":2,"6":2,"7":2,"8":2,"9":2,"10":0,"11":2,"12":0,"13":2,"14":0,"15":0,"16":2,"17":0,"18":2,"19":0,"20":2,"21":0,"22":2,"23":0,"24":2,"25":0,"26":2,"27":0,"28":2,"29":0,"30":0,"31":0,"32":0,"33":2,"34":0,"35":0,"36":0,"37":2,"38":1,"39":1,"40":1,"41":1,"42":1,"43":1,"44":1,"45":0,"46":1,"47":1,"48":2,"49":2,"50":1,"51":1,"52":0,"53":0,"54":1,"55":1,"56":1,"57":3,"58":3,"59":3,"60":3,"61":3,"62":3,"63":3,"64":3,"65":3,"66":3,"67":3,"68":2,"69":2,"70":1,"71":1,"72":1,"73":1,"74":1,"75":1,"76":1,"77":1,"78":1,"79":1,"80":1,"81":1,"82":1,"83":3,"84":3,"85":3,"86":3,"87":3,"88":3,"89":3,"90":3,"91":3,"92":3,"93":3,"94":3,"95":3,"96":3,"97":2,"98":1,"99":1,"100":1,"101":1,"102":1,"103":2,"104":2,"105":1,"106":2,"107":2,"108":1,"109":1,"110":1,"111":3,"112":3,"113":2,"114":1,"115":1,"116":1,"117":1,"118":1,"119":1,"120":1,"121":1},"f":{"0":2,"1":0,"2":1,"3":2,"4":3,"5":3,"6":2,"7":2,"8":3},"b":{"0":[2],"1":[2],"2":[0,2],"3":[0,2],"4":[0,2],"5":[0,2],"6":[0,2],"7":[0,2],"8":[2,0],"9":[0,2],"10":[2,0],"11":[0,2],"12":[2,0],"13":[0,0],"14":[0,2],"15":[2,0],"16":[0,0],"17":[0,2],"18":[2,2],"19":[0,0],"20":[0,0],"21":[0,2],"22":[0,1],"23":[0,1],"24":[0,1],"25":[1,0],"26":[0,1],"27":[1,0],"28":[0,0],"29":[3,0],"30":[3,0],"31":[3,0],"32":[3,0],"33":[1,1],"34":[2,1],"35":[1,0],"36":[1,1],"37":[3,0],"38":[3,0],"39":[3,0],"40":[3,0],"41":[3,0],"42":[1,1],"43":[1,1],"44":[1,0],"45":[1,0]},"_coverageSchema":"1a1c01bbd47fc00a2c39e90264f33305004495a9","hash":"19788c4286562dcb4f4a6af7504e337cf5662730"}
,"C:\\Users\\Setsuna\\Documents\\GitHub\\GroupProject\\BE-Rest-API-SkyFly\\controllers\\user.js": {"path":"C:\\Users\\Setsuna\\Documents\\GitHub\\GroupProject\\BE-Rest-API-SkyFly\\controllers\\user.js","statementMap":{"0":{"start":{"line":1,"column":25},"end":{"line":1,"column":50}},"1":{"start":{"line":2,"column":24},"end":{"line":2,"column":46}},"2":{"start":{"line":3,"column":23},"end":{"line":3,"column":40}},"3":{"start":{"line":4,"column":15},"end":{"line":4,"column":33}},"4":{"start":{"line":6,"column":20},"end":{"line":66,"column":1}},"5":{"start":{"line":7,"column":4},"end":{"line":65,"column":5}},"6":{"start":{"line":8,"column":23},"end":{"line":8,"column":45}},"7":{"start":{"line":9,"column":21},"end":{"line":9,"column":50}},"8":{"start":{"line":10,"column":22},"end":{"line":10,"column":53}},"9":{"start":{"line":11,"column":23},"end":{"line":11,"column":41}},"10":{"start":{"line":13,"column":22},"end":{"line":39,"column":10}},"11":{"start":{"line":41,"column":22},"end":{"line":48,"column":10}},"12":{"start":{"line":50,"column":8},"end":{"line":62,"column":11}},"13":{"start":{"line":64,"column":8},"end":{"line":64,"column":63}},"14":{"start":{"line":68,"column":20},"end":{"line":100,"column":1}},"15":{"start":{"line":69,"column":4},"end":{"line":99,"column":5}},"16":{"start":{"line":70,"column":21},"end":{"line":86,"column":10}},"17":{"start":{"line":88,"column":8},"end":{"line":96,"column":9}},"18":{"start":{"line":89,"column":12},"end":{"line":93,"column":15}},"19":{"start":{"line":95,"column":12},"end":{"line":95,"column":75}},"20":{"start":{"line":98,"column":8},"end":{"line":98,"column":63}},"21":{"start":{"line":102,"column":19},"end":{"line":130,"column":1}},"22":{"start":{"line":103,"column":17},"end":{"line":103,"column":25}},"23":{"start":{"line":105,"column":4},"end":{"line":129,"column":5}},"24":{"start":{"line":106,"column":24},"end":{"line":114,"column":10}},"25":{"start":{"line":116,"column":8},"end":{"line":126,"column":11}},"26":{"start":{"line":128,"column":8},"end":{"line":128,"column":61}},"27":{"start":{"line":132,"column":19},"end":{"line":171,"column":1}},"28":{"start":{"line":134,"column":17},"end":{"line":134,"column":25}},"29":{"start":{"line":136,"column":4},"end":{"line":170,"column":5}},"30":{"start":{"line":137,"column":21},"end":{"line":139,"column":10}},"31":{"start":{"line":141,"column":8},"end":{"line":143,"column":9}},"32":{"start":{"line":142,"column":12},"end":{"line":142,"column":75}},"33":{"start":{"line":147,"column":28},"end":{"line":155,"column":10}},"34":{"start":{"line":157,"column":8},"end":{"line":167,"column":11}},"35":{"start":{"line":169,"column":8},"end":{"line":169,"column":63}},"36":{"start":{"line":173,"column":19},"end":{"line":194,"column":1}},"37":{"start":{"line":174,"column":4},"end":{"line":193,"column":5}},"38":{"start":{"line":175,"column":21},"end":{"line":177,"column":10}},"39":{"start":{"line":179,"column":8},"end":{"line":181,"column":9}},"40":{"start":{"line":180,"column":12},"end":{"line":180,"column":75}},"41":{"start":{"line":183,"column":8},"end":{"line":185,"column":11}},"42":{"start":{"line":187,"column":8},"end":{"line":190,"column":11}},"43":{"start":{"line":192,"column":8},"end":{"line":192,"column":61}},"44":{"start":{"line":196,"column":0},"end":{"line":202,"column":2}}},"fnMap":{"0":{"name":"(anonymous_0)","decl":{"start":{"line":6,"column":20},"end":{"line":6,"column":21}},"loc":{"start":{"line":6,"column":46},"end":{"line":66,"column":1}},"line":6},"1":{"name":"(anonymous_1)","decl":{"start":{"line":68,"column":20},"end":{"line":68,"column":21}},"loc":{"start":{"line":68,"column":46},"end":{"line":100,"column":1}},"line":68},"2":{"name":"(anonymous_2)","decl":{"start":{"line":102,"column":19},"end":{"line":102,"column":20}},"loc":{"start":{"line":102,"column":45},"end":{"line":130,"column":1}},"line":102},"3":{"name":"(anonymous_3)","decl":{"start":{"line":132,"column":19},"end":{"line":132,"column":20}},"loc":{"start":{"line":132,"column":45},"end":{"line":171,"column":1}},"line":132},"4":{"name":"(anonymous_4)","decl":{"start":{"line":173,"column":19},"end":{"line":173,"column":20}},"loc":{"start":{"line":173,"column":45},"end":{"line":194,"column":1}},"line":173}},"branchMap":{"0":{"loc":{"start":{"line":8,"column":23},"end":{"line":8,"column":45}},"type":"binary-expr","locations":[{"start":{"line":8,"column":23},"end":{"line":8,"column":39}},{"start":{"line":8,"column":43},"end":{"line":8,"column":45}}],"line":8},"1":{"loc":{"start":{"line":9,"column":21},"end":{"line":9,"column":50}},"type":"binary-expr","locations":[{"start":{"line":9,"column":21},"end":{"line":9,"column":45}},{"start":{"line":9,"column":49},"end":{"line":9,"column":50}}],"line":9},"2":{"loc":{"start":{"line":10,"column":22},"end":{"line":10,"column":53}},"type":"binary-expr","locations":[{"start":{"line":10,"column":22},"end":{"line":10,"column":47}},{"start":{"line":10,"column":51},"end":{"line":10,"column":53}}],"line":10},"3":{"loc":{"start":{"line":58,"column":26},"end":{"line":58,"column":75}},"type":"cond-expr","locations":[{"start":{"line":58,"column":60},"end":{"line":58,"column":68}},{"start":{"line":58,"column":71},"end":{"line":58,"column":75}}],"line":58},"4":{"loc":{"start":{"line":59,"column":26},"end":{"line":59,"column":52}},"type":"cond-expr","locations":[{"start":{"line":59,"column":37},"end":{"line":59,"column":45}},{"start":{"line":59,"column":48},"end":{"line":59,"column":52}}],"line":59},"5":{"loc":{"start":{"line":61,"column":18},"end":{"line":61,"column":67}},"type":"cond-expr","locations":[{"start":{"line":61,"column":39},"end":{"line":61,"column":44}},{"start":{"line":61,"column":47},"end":{"line":61,"column":67}}],"line":61},"6":{"loc":{"start":{"line":88,"column":8},"end":{"line":96,"column":9}},"type":"if","locations":[{"start":{"line":88,"column":8},"end":{"line":96,"column":9}},{"start":{"line":94,"column":15},"end":{"line":96,"column":9}}],"line":88},"7":{"loc":{"start":{"line":112,"column":22},"end":{"line":112,"column":42}},"type":"binary-expr","locations":[{"start":{"line":112,"column":22},"end":{"line":112,"column":31}},{"start":{"line":112,"column":35},"end":{"line":112,"column":42}}],"line":112},"8":{"loc":{"start":{"line":141,"column":8},"end":{"line":143,"column":9}},"type":"if","locations":[{"start":{"line":141,"column":8},"end":{"line":143,"column":9}},{"start":{},"end":{}}],"line":141},"9":{"loc":{"start":{"line":179,"column":8},"end":{"line":181,"column":9}},"type":"if","locations":[{"start":{"line":179,"column":8},"end":{"line":181,"column":9}},{"start":{},"end":{}}],"line":179}},"s":{"0":1,"1":1,"2":1,"3":1,"4":1,"5":2,"6":2,"7":2,"8":2,"9":2,"10":2,"11":1,"12":1,"13":1,"14":1,"15":1,"16":1,"17":1,"18":1,"19":0,"20":0,"21":1,"22":0,"23":0,"24":0,"25":0,"26":0,"27":1,"28":0,"29":0,"30":0,"31":0,"32":0,"33":0,"34":0,"35":0,"36":1,"37":0,"38":0,"39":0,"40":0,"41":0,"42":0,"43":0,"44":1},"f":{"0":2,"1":1,"2":0,"3":0,"4":0},"b":{"0":[2,2],"1":[2,0],"2":[2,0],"3":[0,1],"4":[0,1],"5":[1,0],"6":[1,0],"7":[0,0],"8":[0,0],"9":[0,0]},"_coverageSchema":"1a1c01bbd47fc00a2c39e90264f33305004495a9","hash":"d7284f4a31fa16c5c3b406198cbd4b0f1a9baa20"}
,"C:\\Users\\Setsuna\\Documents\\GitHub\\GroupProject\\BE-Rest-API-SkyFly\\lib\\googleOauth2.js": {"path":"C:\\Users\\Setsuna\\Documents\\GitHub\\GroupProject\\BE-Rest-API-SkyFly\\lib\\googleOauth2.js","statementMap":{"0":{"start":{"line":1,"column":19},"end":{"line":1,"column":40}},"1":{"start":{"line":3,"column":21},"end":{"line":7,"column":1}},"2":{"start":{"line":9,"column":14},"end":{"line":12,"column":1}},"3":{"start":{"line":14,"column":25},"end":{"line":18,"column":2}},"4":{"start":{"line":20,"column":0},"end":{"line":20,"column":52}}},"fnMap":{},"branchMap":{},"s":{"0":1,"1":1,"2":1,"3":1,"4":1},"f":{},"b":{},"_coverageSchema":"1a1c01bbd47fc00a2c39e90264f33305004495a9","hash":"46af2a8417f00a47ce33997b9d11c7433244fe5a"}
,"C:\\Users\\Setsuna\\Documents\\GitHub\\GroupProject\\BE-Rest-API-SkyFly\\lib\\validator.js": {"path":"C:\\Users\\Setsuna\\Documents\\GitHub\\GroupProject\\BE-Rest-API-SkyFly\\lib\\validator.js","statementMap":{"0":{"start":{"line":1,"column":24},"end":{"line":1,"column":46}},"1":{"start":{"line":3,"column":0},"end":{"line":15,"column":2}},"2":{"start":{"line":4,"column":4},"end":{"line":14,"column":6}},"3":{"start":{"line":5,"column":8},"end":{"line":13,"column":9}},"4":{"start":{"line":6,"column":30},"end":{"line":6,"column":66}},"5":{"start":{"line":7,"column":12},"end":{"line":7,"column":33}},"6":{"start":{"line":8,"column":12},"end":{"line":8,"column":19}},"7":{"start":{"line":10,"column":12},"end":{"line":11,"column":78}},"8":{"start":{"line":11,"column":16},"end":{"line":11,"column":78}},"9":{"start":{"line":12,"column":12},"end":{"line":12,"column":39}}},"fnMap":{"0":{"name":"(anonymous_0)","decl":{"start":{"line":3,"column":17},"end":{"line":3,"column":18}},"loc":{"start":{"line":3,"column":29},"end":{"line":15,"column":1}},"line":3},"1":{"name":"(anonymous_1)","decl":{"start":{"line":4,"column":11},"end":{"line":4,"column":12}},"loc":{"start":{"line":4,"column":37},"end":{"line":14,"column":5}},"line":4}},"branchMap":{"0":{"loc":{"start":{"line":10,"column":12},"end":{"line":11,"column":78}},"type":"if","locations":[{"start":{"line":10,"column":12},"end":{"line":11,"column":78}},{"start":{},"end":{}}],"line":10}},"s":{"0":1,"1":1,"2":46,"3":46,"4":46,"5":13,"6":13,"7":33,"8":33,"9":0},"f":{"0":46,"1":46},"b":{"0":[33,0]},"_coverageSchema":"1a1c01bbd47fc00a2c39e90264f33305004495a9","hash":"822503c21e545aad978d919c5717931bd3c6ba2e"}
,"C:\\Users\\Setsuna\\Documents\\GitHub\\GroupProject\\BE-Rest-API-SkyFly\\utils\\joiValidation.js": {"path":"C:\\Users\\Setsuna\\Documents\\GitHub\\GroupProject\\BE-Rest-API-SkyFly\\utils\\joiValidation.js","statementMap":{"0":{"start":{"line":1,"column":12},"end":{"line":1,"column":55}},"1":{"start":{"line":4,"column":20},"end":{"line":13,"column":2}},"2":{"start":{"line":15,"column":23},"end":{"line":30,"column":2}},"3":{"start":{"line":32,"column":30},"end":{"line":49,"column":2}},"4":{"start":{"line":51,"column":23},"end":{"line":56,"column":2}},"5":{"start":{"line":58,"column":18},"end":{"line":60,"column":2}},"6":{"start":{"line":62,"column":29},"end":{"line":70,"column":2}},"7":{"start":{"line":73,"column":25},"end":{"line":82,"column":2}},"8":{"start":{"line":84,"column":25},"end":{"line":92,"column":2}},"9":{"start":{"line":95,"column":27},"end":{"line":128,"column":2}},"10":{"start":{"line":130,"column":27},"end":{"line":155,"column":2}},"11":{"start":{"line":158,"column":21},"end":{"line":165,"column":2}},"12":{"start":{"line":167,"column":27},"end":{"line":170,"column":2}},"13":{"start":{"line":173,"column":25},"end":{"line":180,"column":2}},"14":{"start":{"line":182,"column":25},"end":{"line":185,"column":2}},"15":{"start":{"line":188,"column":28},"end":{"line":195,"column":2}},"16":{"start":{"line":197,"column":28},"end":{"line":203,"column":2}},"17":{"start":{"line":206,"column":28},"end":{"line":219,"column":2}},"18":{"start":{"line":221,"column":28},"end":{"line":235,"column":2}},"19":{"start":{"line":237,"column":0},"end":{"line":256,"column":2}}},"fnMap":{},"branchMap":{},"s":{"0":1,"1":1,"2":1,"3":1,"4":1,"5":1,"6":1,"7":1,"8":1,"9":1,"10":1,"11":1,"12":1,"13":1,"14":1,"15":1,"16":1,"17":1,"18":1,"19":1},"f":{},"b":{},"_coverageSchema":"1a1c01bbd47fc00a2c39e90264f33305004495a9","hash":"2d0b23b95e4589941e04f4695e32e49219edab52"}
}
