{"C:\\Users\\Setsuna\\Documents\\GitHub\\GroupProject\\BE-Rest-API-SkyFly\\lib\\validator.js": {"path":"C:\\Users\\Setsuna\\Documents\\GitHub\\GroupProject\\BE-Rest-API-SkyFly\\lib\\validator.js","statementMap":{"0":{"start":{"line":1,"column":24},"end":{"line":1,"column":46}},"1":{"start":{"line":3,"column":0},"end":{"line":14,"column":2}},"2":{"start":{"line":4,"column":1},"end":{"line":13,"column":3}},"3":{"start":{"line":5,"column":2},"end":{"line":12,"column":3}},"4":{"start":{"line":6,"column":21},"end":{"line":6,"column":57}},"5":{"start":{"line":7,"column":3},"end":{"line":7,"column":24}},"6":{"start":{"line":8,"column":3},"end":{"line":8,"column":10}},"7":{"start":{"line":10,"column":3},"end":{"line":10,"column":82}},"8":{"start":{"line":10,"column":20},"end":{"line":10,"column":82}},"9":{"start":{"line":11,"column":3},"end":{"line":11,"column":30}}},"fnMap":{"0":{"name":"(anonymous_0)","decl":{"start":{"line":3,"column":17},"end":{"line":3,"column":18}},"loc":{"start":{"line":3,"column":29},"end":{"line":14,"column":1}},"line":3},"1":{"name":"(anonymous_1)","decl":{"start":{"line":4,"column":8},"end":{"line":4,"column":9}},"loc":{"start":{"line":4,"column":34},"end":{"line":13,"column":2}},"line":4}},"branchMap":{"0":{"loc":{"start":{"line":10,"column":3},"end":{"line":10,"column":82}},"type":"if","locations":[{"start":{"line":10,"column":3},"end":{"line":10,"column":82}},{"start":{},"end":{}}],"line":10}},"s":{"0":1,"1":1,"2":24,"3":24,"4":24,"5":7,"6":7,"7":17,"8":17,"9":0},"f":{"0":24,"1":24},"b":{"0":[17,0]},"_coverageSchema":"1a1c01bbd47fc00a2c39e90264f33305004495a9","hash":"a9706b2501c48bef6eb4b6bf2c4f6e95d3ea6f39"}
,"C:\\Users\\Setsuna\\Documents\\GitHub\\GroupProject\\BE-Rest-API-SkyFly\\utils\\joiValidation.js": {"path":"C:\\Users\\Setsuna\\Documents\\GitHub\\GroupProject\\BE-Rest-API-SkyFly\\utils\\joiValidation.js","statementMap":{"0":{"start":{"line":1,"column":12},"end":{"line":1,"column":26}},"1":{"start":{"line":4,"column":20},"end":{"line":9,"column":2}},"2":{"start":{"line":11,"column":23},"end":{"line":18,"column":2}},"3":{"start":{"line":20,"column":23},"end":{"line":25,"column":2}},"4":{"start":{"line":27,"column":18},"end":{"line":29,"column":2}},"5":{"start":{"line":31,"column":29},"end":{"line":35,"column":2}},"6":{"start":{"line":38,"column":25},"end":{"line":43,"column":2}},"7":{"start":{"line":45,"column":25},"end":{"line":51,"column":2}},"8":{"start":{"line":53,"column":0},"end":{"line":61,"column":2}}},"fnMap":{},"branchMap":{},"s":{"0":1,"1":1,"2":1,"3":1,"4":1,"5":1,"6":1,"7":1,"8":1},"f":{},"b":{},"_coverageSchema":"1a1c01bbd47fc00a2c39e90264f33305004495a9","hash":"9addc934525c96fc1ead961458d1f9152701a454"}
}
