TN:
SF:controllers\airport.js
FN:7,(anonymous_0)
FN:38,(anonymous_1)
FN:59,(anonymous_2)
FN:91,(anonymous_3)
FN:124,(anonymous_4)
FNF:5
FNH:2
FNDA:1,(anonymous_0)
FNDA:3,(anonymous_1)
FNDA:0,(anonymous_2)
FNDA:0,(anonymous_3)
FNDA:0,(anonymous_4)
DA:1,1
DA:2,1
DA:3,1
DA:5,1
DA:7,1
DA:8,1
DA:9,1
DA:10,1
DA:11,1
DA:13,1
DA:18,1
DA:20,1
DA:34,0
DA:38,1
DA:39,3
DA:40,3
DA:41,3
DA:47,2
DA:49,1
DA:55,1
DA:59,1
DA:60,0
DA:61,0
DA:63,0
DA:68,0
DA:70,0
DA:80,0
DA:87,0
DA:91,1
DA:92,0
DA:93,0
DA:94,0
DA:99,0
DA:101,0
DA:113,0
DA:120,0
DA:124,1
DA:125,0
DA:126,0
DA:132,0
DA:134,0
DA:140,0
DA:145,0
DA:149,1
LF:44
LH:23
BRDA:9,0,0,1
BRDA:9,0,1,0
BRDA:10,1,0,1
BRDA:10,1,1,0
BRDA:28,2,0,0
BRDA:28,2,1,1
BRDA:29,3,0,0
BRDA:29,3,1,1
BRDA:31,4,0,1
BRDA:31,4,1,0
BRDA:47,5,0,1
BRDA:47,5,1,1
BRDA:68,6,0,0
BRDA:68,6,1,0
BRDA:99,7,0,0
BRDA:99,7,1,0
BRDA:132,8,0,0
BRDA:132,8,1,0
BRF:18
BRH:7
end_of_record
TN:
SF:lib\validator.js
FN:3,(anonymous_0)
FN:4,(anonymous_1)
FNF:2
FNH:2
FNDA:46,(anonymous_0)
FNDA:46,(anonymous_1)
DA:1,1
DA:3,1
DA:4,46
DA:5,46
DA:6,46
DA:7,13
DA:8,13
DA:10,33
DA:11,33
DA:12,0
LF:10
LH:9
BRDA:10,0,0,33
BRDA:10,0,1,0
BRF:2
BRH:1
end_of_record
TN:
SF:utils\joiValidation.js
FNF:0
FNH:0
DA:1,1
DA:4,1
DA:15,1
DA:32,1
DA:39,1
DA:43,1
DA:54,1
DA:65,1
DA:76,1
DA:110,1
DA:137,1
DA:146,1
DA:152,1
DA:159,1
DA:168,1
DA:177,1
DA:192,1
DA:208,1
LF:18
LH:18
BRF:0
BRH:0
end_of_record
