TN:
SF:controllers\user.js
FN:6,(anonymous_0)
FN:68,(anonymous_1)
FN:102,(anonymous_2)
FN:132,(anonymous_3)
FN:172,(anonymous_4)
FNF:5
FNH:4
FNDA:2,(anonymous_0)
FNDA:1,(anonymous_1)
FNDA:2,(anonymous_2)
FNDA:1,(anonymous_3)
FNDA:0,(anonymous_4)
DA:1,1
DA:2,1
DA:3,1
DA:4,1
DA:6,1
DA:7,2
DA:8,2
DA:9,2
DA:10,2
DA:11,2
DA:13,2
DA:41,1
DA:50,1
DA:64,1
DA:68,1
DA:69,1
DA:70,1
DA:88,1
DA:89,1
DA:95,0
DA:98,0
DA:102,1
DA:103,2
DA:105,2
DA:106,2
DA:116,1
DA:128,1
DA:132,1
DA:134,1
DA:135,1
DA:136,1
DA:140,1
DA:141,0
DA:146,1
DA:156,1
DA:168,0
DA:172,1
DA:173,0
DA:174,0
DA:178,0
DA:179,0
DA:182,0
DA:186,0
DA:191,0
DA:195,1
LF:45
LH:34
BRDA:8,0,0,2
BRDA:8,0,1,2
BRDA:9,1,0,2
BRDA:9,1,1,0
BRDA:10,2,0,2
BRDA:10,2,1,0
BRDA:58,3,0,0
BRDA:58,3,1,1
BRDA:59,4,0,0
BRDA:59,4,1,1
BRDA:61,5,0,1
BRDA:61,5,1,0
BRDA:88,6,0,1
BRDA:88,6,1,0
BRDA:112,7,0,2
BRDA:112,7,1,0
BRDA:140,8,0,0
BRDA:140,8,1,1
BRDA:178,9,0,0
BRDA:178,9,1,0
BRF:20
BRH:10
end_of_record
TN:
SF:lib\validator.js
FN:3,(anonymous_0)
FN:4,(anonymous_1)
FNF:2
FNH:2
FNDA:46,(anonymous_0)
FNDA:46,(anonymous_1)
DA:1,1
DA:3,1
DA:4,46
DA:5,46
DA:6,46
DA:7,13
DA:8,13
DA:10,33
DA:11,33
DA:13,0
LF:10
LH:9
BRDA:10,0,0,33
BRDA:10,0,1,0
BRF:2
BRH:1
end_of_record
TN:
SF:utils\joiValidation.js
FNF:0
FNH:0
DA:1,1
DA:4,1
DA:15,1
DA:32,1
DA:39,1
DA:43,1
DA:54,1
DA:65,1
DA:76,1
DA:103,1
DA:131,1
DA:140,1
DA:146,1
DA:153,1
DA:162,1
DA:171,1
DA:186,1
DA:202,1
LF:18
LH:18
BRF:0
BRH:0
end_of_record
